# JRE version: OpenJDK Runtime Environment Temurin-23+37 (23.0+37) (build 23+37)
# Java VM: OpenJDK 64-Bit Server VM Temurin-23+37 (23+37, mixed mode, sharing, tiered, compressed oops, compressed class ptrs, g1 gc, linux-amd64)
Heap:
 garbage-first heap   total reserved 1994752K, committed 356352K, used 262983K [0x0000000086400000, 0x0000000100000000)
  region size 1024K, 61 young (62464K), 4 survivors (4096K)
 Metaspace       used 13143K, committed 13376K, reserved 1114112K
  class space    used 1080K, committed 1216K, reserved 1048576K
GC Heap History (20 events):
Event: 3.577 GC heap before
{Heap before GC invocations=2 (full 0):
 garbage-first heap   total reserved 1994752K, committed 126976K, used 84494K [0x0000000086400000, 0x0000000100000000)
  region size 1024K, 36 young (36864K), 1 survivors (1024K)
 Metaspace       used 9640K, committed 9856K, reserved 1114112K
  class space    used 780K, committed 896K, reserved 1048576K
}
Event: 3.585 GC heap after
{Heap after GC invocations=3 (full 0):
 garbage-first heap   total reserved 1994752K, committed 126976K, used 12639K [0x0000000086400000, 0x0000000100000000)
  region size 1024K, 1 young (1024K), 1 survivors (1024K)
 Metaspace       used 9640K, committed 9856K, reserved 1114112K
  class space    used 780K, committed 896K, reserved 1048576K
}
Event: 4.881 GC heap before
{Heap before GC invocations=3 (full 0):
 garbage-first heap   total reserved 1994752K, committed 126976K, used 109919K [0x0000000086400000, 0x0000000100000000)
  region size 1024K, 56 young (57344K), 1 survivors (1024K)
 Metaspace       used 11598K, committed 11840K, reserved 1114112K
  class space    used 1009K, committed 1152K, reserved 1048576K
}
Event: 4.889 GC heap after
{Heap after GC invocations=4 (full 0):
 garbage-first heap   total reserved 1994752K, committed 126976K, used 16472K [0x0000000086400000, 0x0000000100000000)
  region size 1024K, 2 young (2048K), 2 survivors (2048K)
 Metaspace       used 11598K, committed 11840K, reserved 1114112K
  class space    used 1009K, committed 1152K, reserved 1048576K
}
Event: 5.447 GC heap before
{Heap before GC invocations=4 (full 0):
 garbage-first heap   total reserved 1994752K, committed 126976K, used 88152K [0x0000000086400000, 0x0000000100000000)
  region size 1024K, 39 young (39936K), 2 survivors (2048K)
 Metaspace       used 11643K, committed 11904K, reserved 1114112K
  class space    used 1009K, committed 1152K, reserved 1048576K
}
Event: 5.450 GC heap after
{Heap after GC invocations=5 (full 0):
 garbage-first heap   total reserved 1994752K, committed 126976K, used 21724K [0x0000000086400000, 0x0000000100000000)
  region size 1024K, 2 young (2048K), 2 survivors (2048K)
 Metaspace       used 11643K, committed 11904K, reserved 1114112K
  class space    used 1009K, committed 1152K, reserved 1048576K
}
Event: 5.692 GC heap before
{Heap before GC invocations=5 (full 0):
 garbage-first heap   total reserved 1994752K, committed 126976K, used 97500K [0x0000000086400000, 0x0000000100000000)
  region size 1024K, 68 young (69632K), 2 survivors (2048K)
 Metaspace       used 11658K, committed 11904K, reserved 1114112K
  class space    used 1009K, committed 1152K, reserved 1048576K
}
Event: 5.711 GC heap after
{Heap after GC invocations=6 (full 0):
 garbage-first heap   total reserved 1994752K, committed 126976K, used 30852K [0x0000000086400000, 0x0000000100000000)
  region size 1024K, 9 young (9216K), 9 survivors (9216K)
 Metaspace       used 11658K, committed 11904K, reserved 1114112K
  class space    used 1009K, committed 1152K, reserved 1048576K
}
Event: 5.792 GC heap before
{Heap before GC invocations=6 (full 0):
 garbage-first heap   total reserved 1994752K, committed 126976K, used 89220K [0x0000000086400000, 0x0000000100000000)
  region size 1024K, 66 young (67584K), 9 survivors (9216K)
 Metaspace       used 11658K, committed 11904K, reserved 1114112K
  class space    used 1009K, committed 1152K, reserved 1048576K
}
Event: 5.813 GC heap after
{Heap after GC invocations=7 (full 0):
 garbage-first heap   total reserved 1994752K, committed 126976K, used 43140K [0x0000000086400000, 0x0000000100000000)
  region size 1024K, 9 young (9216K), 9 survivors (9216K)
 Metaspace       used 11658K, committed 11904K, reserved 1114112K
  class space    used 1009K, committed 1152K, reserved 1048576K
}
Event: 5.882 GC heap before
{Heap before GC invocations=7 (full 0):
 garbage-first heap   total reserved 1994752K, committed 126976K, used 94340K [0x0000000086400000, 0x0000000100000000)
  region size 1024K, 59 young (60416K), 9 survivors (9216K)
 Metaspace       used 11658K, committed 11904K, reserved 1114112K
  class space    used 1009K, committed 1152K, reserved 1048576K
}
Event: 5.895 GC heap after
{Heap after GC invocations=8 (full 0):
 garbage-first heap   total reserved 1994752K, committed 239616K, used 43874K [0x0000000086400000, 0x0000000100000000)
  region size 1024K, 1 young (1024K), 1 survivors (1024K)
 Metaspace       used 11658K, committed 11904K, reserved 1114112K
  class space    used 1009K, committed 1152K, reserved 1048576K
}
Event: 8.627 GC heap before
{Heap before GC invocations=8 (full 0):
 garbage-first heap   total reserved 1994752K, committed 239616K, used 130914K [0x0000000086400000, 0x0000000100000000)
  region size 1024K, 29 young (29696K), 1 survivors (1024K)
 Metaspace       used 11896K, committed 12096K, reserved 1114112K
  class space    used 1030K, committed 1152K, reserved 1048576K
}
Event: 8.634 GC heap after
{Heap after GC invocations=9 (full 0):
 garbage-first heap   total reserved 1994752K, committed 239616K, used 104217K [0x0000000086400000, 0x0000000100000000)
  region size 1024K, 2 young (2048K), 2 survivors (2048K)
 Metaspace       used 11896K, committed 12096K, reserved 1114112K
  class space    used 1030K, committed 1152K, reserved 1048576K
}
Event: 9.463 GC heap before
{Heap before GC invocations=9 (full 0):
 garbage-first heap   total reserved 1994752K, committed 239616K, used 210713K [0x0000000086400000, 0x0000000100000000)
  region size 1024K, 58 young (59392K), 2 survivors (2048K)
 Metaspace       used 12133K, committed 12416K, reserved 1114112K
  class space    used 1048K, committed 1152K, reserved 1048576K
}
Event: 9.468 GC heap after
{Heap after GC invocations=10 (full 0):
 garbage-first heap   total reserved 1994752K, committed 239616K, used 105599K [0x0000000086400000, 0x0000000100000000)
  region size 1024K, 3 young (3072K), 3 survivors (3072K)
 Metaspace       used 12133K, committed 12416K, reserved 1114112K
  class space    used 1048K, committed 1152K, reserved 1048576K
}
Event: 9.561 GC heap before
{Heap before GC invocations=10 (full 0):
 garbage-first heap   total reserved 1994752K, committed 239616K, used 108671K [0x0000000086400000, 0x0000000100000000)
  region size 1024K, 5 young (5120K), 3 survivors (3072K)
 Metaspace       used 12134K, committed 12416K, reserved 1114112K
  class space    used 1048K, committed 1152K, reserved 1048576K
}
Event: 9.566 GC heap after
{Heap after GC invocations=11 (full 0):
 garbage-first heap   total reserved 1994752K, committed 239616K, used 108002K [0x0000000086400000, 0x0000000100000000)
  region size 1024K, 4 young (4096K), 4 survivors (4096K)
 Metaspace       used 12134K, committed 12416K, reserved 1114112K
  class space    used 1048K, committed 1152K, reserved 1048576K
}
Event: 9.836 GC heap before
{Heap before GC invocations=11 (full 0):
 garbage-first heap   total reserved 1994752K, committed 356352K, used 226786K [0x0000000086400000, 0x0000000100000000)
  region size 1024K, 4 young (4096K), 4 survivors (4096K)
 Metaspace       used 12134K, committed 12416K, reserved 1114112K
  class space    used 1048K, committed 1152K, reserved 1048576K
}
Event: 9.840 GC heap after
{Heap after GC invocations=12 (full 0):
 garbage-first heap   total reserved 1994752K, committed 356352K, used 226631K [0x0000000086400000, 0x0000000100000000)
  region size 1024K, 4 young (4096K), 4 survivors (4096K)
 Metaspace       used 12134K, committed 12416K, reserved 1114112K
  class space    used 1048K, committed 1152K, reserved 1048576K
}

