# JRE version: OpenJDK Runtime Environment Temurin-23+37 (23.0+37) (build 23+37)
# Java VM: OpenJDK 64-Bit Server VM Temurin-23+37 (23+37, mixed mode, sharing, tiered, compressed oops, compressed class ptrs, g1 gc, linux-amd64)
Heap:
 garbage-first heap   total reserved 1994752K, committed 356352K, used 263757K [0x0000000086400000, 0x0000000100000000)
  region size 1024K, 60 young (61440K), 4 survivors (4096K)
 Metaspace       used 13166K, committed 13440K, reserved 1114112K
  class space    used 1079K, committed 1216K, reserved 1048576K
GC Heap History (20 events):
Event: 4.435 GC heap before
{Heap before GC invocations=2 (full 0):
 garbage-first heap   total reserved 1994752K, committed 126976K, used 83403K [0x0000000086400000, 0x0000000100000000)
  region size 1024K, 35 young (35840K), 1 survivors (1024K)
 Metaspace       used 9642K, committed 9856K, reserved 1114112K
  class space    used 780K, committed 896K, reserved 1048576K
}
Event: 4.440 GC heap after
{Heap after GC invocations=3 (full 0):
 garbage-first heap   total reserved 1994752K, committed 126976K, used 12511K [0x0000000086400000, 0x0000000100000000)
  region size 1024K, 1 young (1024K), 1 survivors (1024K)
 Metaspace       used 9642K, committed 9856K, reserved 1114112K
  class space    used 780K, committed 896K, reserved 1048576K
}
Event: 5.565 GC heap before
{Heap before GC invocations=3 (full 0):
 garbage-first heap   total reserved 1994752K, committed 126976K, used 110815K [0x0000000086400000, 0x0000000100000000)
  region size 1024K, 57 young (58368K), 1 survivors (1024K)
 Metaspace       used 11617K, committed 11840K, reserved 1114112K
  class space    used 1009K, committed 1152K, reserved 1048576K
}
Event: 5.574 GC heap after
{Heap after GC invocations=4 (full 0):
 garbage-first heap   total reserved 1994752K, committed 126976K, used 16369K [0x0000000086400000, 0x0000000100000000)
  region size 1024K, 2 young (2048K), 2 survivors (2048K)
 Metaspace       used 11617K, committed 11840K, reserved 1114112K
  class space    used 1009K, committed 1152K, reserved 1048576K
}
Event: 6.134 GC heap before
{Heap before GC invocations=4 (full 0):
 garbage-first heap   total reserved 1994752K, committed 126976K, used 88049K [0x0000000086400000, 0x0000000100000000)
  region size 1024K, 39 young (39936K), 2 survivors (2048K)
 Metaspace       used 11662K, committed 11904K, reserved 1114112K
  class space    used 1009K, committed 1152K, reserved 1048576K
}
Event: 6.137 GC heap after
{Heap after GC invocations=5 (full 0):
 garbage-first heap   total reserved 1994752K, committed 126976K, used 21578K [0x0000000086400000, 0x0000000100000000)
  region size 1024K, 2 young (2048K), 2 survivors (2048K)
 Metaspace       used 11662K, committed 11904K, reserved 1114112K
  class space    used 1009K, committed 1152K, reserved 1048576K
}
Event: 6.367 GC heap before
{Heap before GC invocations=5 (full 0):
 garbage-first heap   total reserved 1994752K, committed 126976K, used 98378K [0x0000000086400000, 0x0000000100000000)
  region size 1024K, 68 young (69632K), 2 survivors (2048K)
 Metaspace       used 11677K, committed 11968K, reserved 1114112K
  class space    used 1009K, committed 1152K, reserved 1048576K
}
Event: 6.396 GC heap after
{Heap after GC invocations=6 (full 0):
 garbage-first heap   total reserved 1994752K, committed 126976K, used 31110K [0x0000000086400000, 0x0000000100000000)
  region size 1024K, 9 young (9216K), 9 survivors (9216K)
 Metaspace       used 11677K, committed 11968K, reserved 1114112K
  class space    used 1009K, committed 1152K, reserved 1048576K
}
Event: 6.492 GC heap before
{Heap before GC invocations=6 (full 0):
 garbage-first heap   total reserved 1994752K, committed 126976K, used 89478K [0x0000000086400000, 0x0000000100000000)
  region size 1024K, 66 young (67584K), 9 survivors (9216K)
 Metaspace       used 11677K, committed 11968K, reserved 1114112K
  class space    used 1009K, committed 1152K, reserved 1048576K
}
Event: 6.512 GC heap after
{Heap after GC invocations=7 (full 0):
 garbage-first heap   total reserved 1994752K, committed 126976K, used 39700K [0x0000000086400000, 0x0000000100000000)
  region size 1024K, 9 young (9216K), 9 survivors (9216K)
 Metaspace       used 11677K, committed 11968K, reserved 1114112K
  class space    used 1009K, committed 1152K, reserved 1048576K
}
Event: 6.589 GC heap before
{Heap before GC invocations=7 (full 0):
 garbage-first heap   total reserved 1994752K, committed 126976K, used 92948K [0x0000000086400000, 0x0000000100000000)
  region size 1024K, 61 young (62464K), 9 survivors (9216K)
 Metaspace       used 11677K, committed 11968K, reserved 1114112K
  class space    used 1009K, committed 1152K, reserved 1048576K
}
Event: 6.616 GC heap after
{Heap after GC invocations=8 (full 0):
 garbage-first heap   total reserved 1994752K, committed 239616K, used 41482K [0x0000000086400000, 0x0000000100000000)
  region size 1024K, 1 young (1024K), 1 survivors (1024K)
 Metaspace       used 11677K, committed 11968K, reserved 1114112K
  class space    used 1009K, committed 1152K, reserved 1048576K
}
Event: 9.206 GC heap before
{Heap before GC invocations=8 (full 0):
 garbage-first heap   total reserved 1994752K, committed 239616K, used 126474K [0x0000000086400000, 0x0000000100000000)
  region size 1024K, 27 young (27648K), 1 survivors (1024K)
 Metaspace       used 11928K, committed 12160K, reserved 1114112K
  class space    used 1030K, committed 1152K, reserved 1048576K
}
Event: 9.214 GC heap after
{Heap after GC invocations=9 (full 0):
 garbage-first heap   total reserved 1994752K, committed 239616K, used 102289K [0x0000000086400000, 0x0000000100000000)
  region size 1024K, 2 young (2048K), 2 survivors (2048K)
 Metaspace       used 11928K, committed 12160K, reserved 1114112K
  class space    used 1030K, committed 1152K, reserved 1048576K
}
Event: 9.960 GC heap before
{Heap before GC invocations=9 (full 0):
 garbage-first heap   total reserved 1994752K, committed 239616K, used 208785K [0x0000000086400000, 0x0000000100000000)
  region size 1024K, 58 young (59392K), 2 survivors (2048K)
 Metaspace       used 12175K, committed 12416K, reserved 1114112K
  class space    used 1048K, committed 1152K, reserved 1048576K
}
Event: 9.968 GC heap after
{Heap after GC invocations=10 (full 0):
 garbage-first heap   total reserved 1994752K, committed 239616K, used 103556K [0x0000000086400000, 0x0000000100000000)
  region size 1024K, 3 young (3072K), 3 survivors (3072K)
 Metaspace       used 12175K, committed 12416K, reserved 1114112K
  class space    used 1048K, committed 1152K, reserved 1048576K
}
Event: 10.097 GC heap before
{Heap before GC invocations=10 (full 0):
 garbage-first heap   total reserved 1994752K, committed 239616K, used 106628K [0x0000000086400000, 0x0000000100000000)
  region size 1024K, 5 young (5120K), 3 survivors (3072K)
 Metaspace       used 12177K, committed 12416K, reserved 1114112K
  class space    used 1048K, committed 1152K, reserved 1048576K
}
Event: 10.102 GC heap after
{Heap after GC invocations=11 (full 0):
 garbage-first heap   total reserved 1994752K, committed 239616K, used 106109K [0x0000000086400000, 0x0000000100000000)
  region size 1024K, 4 young (4096K), 4 survivors (4096K)
 Metaspace       used 12177K, committed 12416K, reserved 1114112K
  class space    used 1048K, committed 1152K, reserved 1048576K
}
Event: 10.362 GC heap before
{Heap before GC invocations=11 (full 0):
 garbage-first heap   total reserved 1994752K, committed 356352K, used 224893K [0x0000000086400000, 0x0000000100000000)
  region size 1024K, 4 young (4096K), 4 survivors (4096K)
 Metaspace       used 12177K, committed 12416K, reserved 1114112K
  class space    used 1048K, committed 1152K, reserved 1048576K
}
Event: 10.369 GC heap after
{Heap after GC invocations=12 (full 0):
 garbage-first heap   total reserved 1994752K, committed 356352K, used 224845K [0x0000000086400000, 0x0000000100000000)
  region size 1024K, 4 young (4096K), 4 survivors (4096K)
 Metaspace       used 12177K, committed 12416K, reserved 1114112K
  class space    used 1048K, committed 1152K, reserved 1048576K
}

