# JRE version: OpenJDK Runtime Environment Temurin-23+37 (23.0+37) (build 23+37)
# Java VM: OpenJDK 64-Bit Server VM Temurin-23+37 (23+37, mixed mode, sharing, tiered, compressed oops, compressed class ptrs, g1 gc, linux-amd64)
Heap:
 garbage-first heap   total reserved 1994752K, committed 352256K, used 256633K [0x0000000086400000, 0x0000000100000000)
  region size 1024K, 53 young (54272K), 8 survivors (8192K)
 Metaspace       used 13166K, committed 13440K, reserved 1114112K
  class space    used 1080K, committed 1216K, reserved 1048576K
GC Heap History (20 events):
Event: 3.903 GC heap before
{Heap before GC invocations=1 (full 0):
 garbage-first heap   total reserved 1994752K, committed 126976K, used 56251K [0x0000000086400000, 0x0000000100000000)
  region size 1024K, 25 young (25600K), 3 survivors (3072K)
 Metaspace       used 9629K, committed 9856K, reserved 1114112K
  class space    used 779K, committed 896K, reserved 1048576K
}
Event: 3.908 GC heap after
{Heap after GC invocations=2 (full 0):
 garbage-first heap   total reserved 1994752K, committed 126976K, used 20291K [0x0000000086400000, 0x0000000100000000)
  region size 1024K, 1 young (1024K), 1 survivors (1024K)
 Metaspace       used 9629K, committed 9856K, reserved 1114112K
  class space    used 779K, committed 896K, reserved 1048576K
}
Event: 4.181 GC heap before
{Heap before GC invocations=2 (full 0):
 garbage-first heap   total reserved 1994752K, committed 126976K, used 82755K [0x0000000086400000, 0x0000000100000000)
  region size 1024K, 34 young (34816K), 1 survivors (1024K)
 Metaspace       used 9657K, committed 9856K, reserved 1114112K
  class space    used 780K, committed 896K, reserved 1048576K
}
Event: 4.185 GC heap after
{Heap after GC invocations=3 (full 0):
 garbage-first heap   total reserved 1994752K, committed 126976K, used 12720K [0x0000000086400000, 0x0000000100000000)
  region size 1024K, 1 young (1024K), 1 survivors (1024K)
 Metaspace       used 9657K, committed 9856K, reserved 1114112K
  class space    used 780K, committed 896K, reserved 1048576K
}
Event: 4.948 GC heap before
{Heap before GC invocations=3 (full 0):
 garbage-first heap   total reserved 1994752K, committed 126976K, used 112048K [0x0000000086400000, 0x0000000100000000)
  region size 1024K, 58 young (59392K), 1 survivors (1024K)
 Metaspace       used 11625K, committed 11840K, reserved 1114112K
  class space    used 1009K, committed 1152K, reserved 1048576K
}
Event: 4.953 GC heap after
{Heap after GC invocations=4 (full 0):
 garbage-first heap   total reserved 1994752K, committed 126976K, used 16516K [0x0000000086400000, 0x0000000100000000)
  region size 1024K, 1 young (1024K), 1 survivors (1024K)
 Metaspace       used 11625K, committed 11840K, reserved 1114112K
  class space    used 1009K, committed 1152K, reserved 1048576K
}
Event: 5.490 GC heap before
{Heap before GC invocations=4 (full 0):
 garbage-first heap   total reserved 1994752K, committed 126976K, used 88196K [0x0000000086400000, 0x0000000100000000)
  region size 1024K, 38 young (38912K), 1 survivors (1024K)
 Metaspace       used 11665K, committed 11968K, reserved 1114112K
  class space    used 1009K, committed 1152K, reserved 1048576K
}
Event: 5.494 GC heap after
{Heap after GC invocations=5 (full 0):
 garbage-first heap   total reserved 1994752K, committed 126976K, used 21760K [0x0000000086400000, 0x0000000100000000)
  region size 1024K, 2 young (2048K), 2 survivors (2048K)
 Metaspace       used 11665K, committed 11968K, reserved 1114112K
  class space    used 1009K, committed 1152K, reserved 1048576K
}
Event: 5.706 GC heap before
{Heap before GC invocations=5 (full 0):
 garbage-first heap   total reserved 1994752K, committed 126976K, used 98560K [0x0000000086400000, 0x0000000100000000)
  region size 1024K, 68 young (69632K), 2 survivors (2048K)
 Metaspace       used 11679K, committed 11968K, reserved 1114112K
  class space    used 1009K, committed 1152K, reserved 1048576K
}
Event: 5.719 GC heap after
{Heap after GC invocations=6 (full 0):
 garbage-first heap   total reserved 1994752K, committed 126976K, used 31432K [0x0000000086400000, 0x0000000100000000)
  region size 1024K, 9 young (9216K), 9 survivors (9216K)
 Metaspace       used 11679K, committed 11968K, reserved 1114112K
  class space    used 1009K, committed 1152K, reserved 1048576K
}
Event: 5.810 GC heap before
{Heap before GC invocations=6 (full 0):
 garbage-first heap   total reserved 1994752K, committed 126976K, used 90824K [0x0000000086400000, 0x0000000100000000)
  region size 1024K, 67 young (68608K), 9 survivors (9216K)
 Metaspace       used 11679K, committed 11968K, reserved 1114112K
  class space    used 1009K, committed 1152K, reserved 1048576K
}
Event: 5.828 GC heap after
{Heap after GC invocations=7 (full 0):
 garbage-first heap   total reserved 1994752K, committed 126976K, used 43789K [0x0000000086400000, 0x0000000100000000)
  region size 1024K, 9 young (9216K), 9 survivors (9216K)
 Metaspace       used 11679K, committed 11968K, reserved 1114112K
  class space    used 1009K, committed 1152K, reserved 1048576K
}
Event: 5.914 GC heap before
{Heap before GC invocations=7 (full 0):
 garbage-first heap   total reserved 1994752K, committed 126976K, used 94989K [0x0000000086400000, 0x0000000100000000)
  region size 1024K, 59 young (60416K), 9 survivors (9216K)
 Metaspace       used 11679K, committed 11968K, reserved 1114112K
  class space    used 1009K, committed 1152K, reserved 1048576K
}
Event: 5.927 GC heap after
{Heap after GC invocations=8 (full 0):
 garbage-first heap   total reserved 1994752K, committed 220160K, used 45645K [0x0000000086400000, 0x0000000100000000)
  region size 1024K, 1 young (1024K), 1 survivors (1024K)
 Metaspace       used 11679K, committed 11968K, reserved 1114112K
  class space    used 1009K, committed 1152K, reserved 1048576K
}
Event: 5.982 GC heap before
{Heap before GC invocations=8 (full 0):
 garbage-first heap   total reserved 1994752K, committed 220160K, used 69197K [0x0000000086400000, 0x0000000100000000)
  region size 1024K, 25 young (25600K), 1 survivors (1024K)
 Metaspace       used 11680K, committed 11968K, reserved 1114112K
  class space    used 1009K, committed 1152K, reserved 1048576K
}
Event: 5.987 GC heap after
{Heap after GC invocations=9 (full 0):
 garbage-first heap   total reserved 1994752K, committed 220160K, used 44849K [0x0000000086400000, 0x0000000100000000)
  region size 1024K, 1 young (1024K), 1 survivors (1024K)
 Metaspace       used 11680K, committed 11968K, reserved 1114112K
  class space    used 1009K, committed 1152K, reserved 1048576K
}
Event: 8.138 GC heap before
{Heap before GC invocations=9 (full 0):
 garbage-first heap   total reserved 1994752K, committed 220160K, used 107313K [0x0000000086400000, 0x0000000100000000)
  region size 1024K, 5 young (5120K), 1 survivors (1024K)
 Metaspace       used 11923K, committed 12160K, reserved 1114112K
  class space    used 1030K, committed 1152K, reserved 1048576K
}
Event: 8.142 GC heap after
{Heap after GC invocations=10 (full 0):
 garbage-first heap   total reserved 1994752K, committed 220160K, used 105643K [0x0000000086400000, 0x0000000100000000)
  region size 1024K, 2 young (2048K), 2 survivors (2048K)
 Metaspace       used 11923K, committed 12160K, reserved 1114112K
  class space    used 1030K, committed 1152K, reserved 1048576K
}
Event: 10.446 GC heap before
{Heap before GC invocations=11 (full 0):
 garbage-first heap   total reserved 1994752K, committed 352256K, used 323298K [0x0000000086400000, 0x0000000100000000)
  region size 1024K, 69 young (70656K), 2 survivors (2048K)
 Metaspace       used 12130K, committed 12352K, reserved 1114112K
  class space    used 1046K, committed 1152K, reserved 1048576K
}
Event: 10.452 GC heap after
{Heap after GC invocations=12 (full 0):
 garbage-first heap   total reserved 1994752K, committed 352256K, used 210553K [0x0000000086400000, 0x0000000100000000)
  region size 1024K, 8 young (8192K), 8 survivors (8192K)
 Metaspace       used 12130K, committed 12352K, reserved 1114112K
  class space    used 1046K, committed 1152K, reserved 1048576K
}

