# JRE version: OpenJDK Runtime Environment Temurin-23+37 (23.0+37) (build 23+37)
# Java VM: OpenJDK 64-Bit Server VM Temurin-23+37 (23+37, mixed mode, sharing, tiered, compressed oops, compressed class ptrs, g1 gc, linux-amd64)
Heap:
 garbage-first heap   total reserved 1994752K, committed 356352K, used 301072K [0x0000000086400000, 0x0000000100000000)
  region size 1024K, 83 young (84992K), 7 survivors (7168K)
 Metaspace       used 38525K, committed 38976K, reserved 1114112K
  class space    used 4161K, committed 4352K, reserved 1048576K
GC Heap History (20 events):
Event: 9.050 GC heap before
{Heap before GC invocations=10 (full 0):
 garbage-first heap   total reserved 1994752K, committed 100352K, used 37810K [0x0000000086400000, 0x0000000100000000)
  region size 1024K, 13 young (13312K), 3 survivors (3072K)
 Metaspace       used 36059K, committed 36480K, reserved 1114112K
  class space    used 3963K, committed 4160K, reserved 1048576K
}
Event: 9.055 GC heap after
{Heap after GC invocations=11 (full 0):
 garbage-first heap   total reserved 1994752K, committed 100352K, used 20203K [0x0000000086400000, 0x0000000100000000)
  region size 1024K, 3 young (3072K), 3 survivors (3072K)
 Metaspace       used 36059K, committed 36480K, reserved 1114112K
  class space    used 3963K, committed 4160K, reserved 1048576K
}
Event: 9.513 GC heap before
{Heap before GC invocations=12 (full 0):
 garbage-first heap   total reserved 1994752K, committed 73728K, used 73451K [0x0000000086400000, 0x0000000100000000)
  region size 1024K, 32 young (32768K), 3 survivors (3072K)
 Metaspace       used 37191K, committed 37696K, reserved 1114112K
  class space    used 4090K, committed 4288K, reserved 1048576K
}
Event: 9.521 GC heap after
{Heap after GC invocations=13 (full 0):
 garbage-first heap   total reserved 1994752K, committed 77824K, used 28270K [0x0000000086400000, 0x0000000100000000)
  region size 1024K, 4 young (4096K), 4 survivors (4096K)
 Metaspace       used 37191K, committed 37696K, reserved 1114112K
  class space    used 4090K, committed 4288K, reserved 1048576K
}
Event: 9.940 GC heap before
{Heap before GC invocations=13 (full 0):
 garbage-first heap   total reserved 1994752K, committed 87040K, used 86638K [0x0000000086400000, 0x0000000100000000)
  region size 1024K, 37 young (37888K), 4 survivors (4096K)
 Metaspace       used 37213K, committed 37696K, reserved 1114112K
  class space    used 4090K, committed 4288K, reserved 1048576K
}
Event: 9.954 GC heap after
{Heap after GC invocations=14 (full 0):
 garbage-first heap   total reserved 1994752K, committed 94208K, used 40030K [0x0000000086400000, 0x0000000100000000)
  region size 1024K, 3 young (3072K), 3 survivors (3072K)
 Metaspace       used 37213K, committed 37696K, reserved 1114112K
  class space    used 4090K, committed 4288K, reserved 1048576K
}
Event: 10.035 GC heap before
{Heap before GC invocations=14 (full 0):
 garbage-first heap   total reserved 1994752K, committed 94208K, used 43102K [0x0000000086400000, 0x0000000100000000)
  region size 1024K, 4 young (4096K), 3 survivors (3072K)
 Metaspace       used 37214K, committed 37696K, reserved 1114112K
  class space    used 4090K, committed 4288K, reserved 1048576K
}
Event: 10.038 GC heap after
{Heap after GC invocations=15 (full 0):
 garbage-first heap   total reserved 1994752K, committed 113664K, used 28578K [0x0000000086400000, 0x0000000100000000)
  region size 1024K, 1 young (1024K), 1 survivors (1024K)
 Metaspace       used 37214K, committed 37696K, reserved 1114112K
  class space    used 4090K, committed 4288K, reserved 1048576K
}
Event: 10.255 GC heap before
{Heap before GC invocations=15 (full 0):
 garbage-first heap   total reserved 1994752K, committed 113664K, used 104354K [0x0000000086400000, 0x0000000100000000)
  region size 1024K, 66 young (67584K), 1 survivors (1024K)
 Metaspace       used 37227K, committed 37696K, reserved 1114112K
  class space    used 4090K, committed 4288K, reserved 1048576K
}
Event: 10.268 GC heap after
{Heap after GC invocations=16 (full 0):
 garbage-first heap   total reserved 1994752K, committed 118784K, used 38027K [0x0000000086400000, 0x0000000100000000)
  region size 1024K, 9 young (9216K), 9 survivors (9216K)
 Metaspace       used 37227K, committed 37696K, reserved 1114112K
  class space    used 4090K, committed 4288K, reserved 1048576K
}
Event: 10.356 GC heap before
{Heap before GC invocations=16 (full 0):
 garbage-first heap   total reserved 1994752K, committed 118784K, used 95371K [0x0000000086400000, 0x0000000100000000)
  region size 1024K, 66 young (67584K), 9 survivors (9216K)
 Metaspace       used 37227K, committed 37696K, reserved 1114112K
  class space    used 4090K, committed 4288K, reserved 1048576K
}
Event: 10.372 GC heap after
{Heap after GC invocations=17 (full 0):
 garbage-first heap   total reserved 1994752K, committed 118784K, used 49127K [0x0000000086400000, 0x0000000100000000)
  region size 1024K, 9 young (9216K), 9 survivors (9216K)
 Metaspace       used 37227K, committed 37696K, reserved 1114112K
  class space    used 4090K, committed 4288K, reserved 1048576K
}
Event: 10.440 GC heap before
{Heap before GC invocations=17 (full 0):
 garbage-first heap   total reserved 1994752K, committed 118784K, used 98279K [0x0000000086400000, 0x0000000100000000)
  region size 1024K, 57 young (58368K), 9 survivors (9216K)
 Metaspace       used 37227K, committed 37696K, reserved 1114112K
  class space    used 4090K, committed 4288K, reserved 1048576K
}
Event: 10.451 GC heap after
{Heap after GC invocations=18 (full 0):
 garbage-first heap   total reserved 1994752K, committed 118784K, used 50358K [0x0000000086400000, 0x0000000100000000)
  region size 1024K, 1 young (1024K), 1 survivors (1024K)
 Metaspace       used 37227K, committed 37696K, reserved 1114112K
  class space    used 4090K, committed 4288K, reserved 1048576K
}
Event: 10.498 GC heap before
{Heap before GC invocations=18 (full 0):
 garbage-first heap   total reserved 1994752K, committed 118784K, used 78006K [0x0000000086400000, 0x0000000100000000)
  region size 1024K, 29 young (29696K), 1 survivors (1024K)
 Metaspace       used 37227K, committed 37696K, reserved 1114112K
  class space    used 4090K, committed 4288K, reserved 1048576K
}
Event: 10.501 GC heap after
{Heap after GC invocations=19 (full 0):
 garbage-first heap   total reserved 1994752K, committed 237568K, used 50260K [0x0000000086400000, 0x0000000100000000)
  region size 1024K, 1 young (1024K), 1 survivors (1024K)
 Metaspace       used 37227K, committed 37696K, reserved 1114112K
  class space    used 4090K, committed 4288K, reserved 1048576K
}
Event: 12.528 GC heap before
{Heap before GC invocations=19 (full 0):
 garbage-first heap   total reserved 1994752K, committed 237568K, used 112724K [0x0000000086400000, 0x0000000100000000)
  region size 1024K, 5 young (5120K), 1 survivors (1024K)
 Metaspace       used 37459K, committed 37952K, reserved 1114112K
  class space    used 4111K, committed 4288K, reserved 1048576K
}
Event: 12.534 GC heap after
{Heap after GC invocations=20 (full 0):
 garbage-first heap   total reserved 1994752K, committed 237568K, used 110945K [0x0000000086400000, 0x0000000100000000)
  region size 1024K, 2 young (2048K), 2 survivors (2048K)
 Metaspace       used 37459K, committed 37952K, reserved 1114112K
  class space    used 4111K, committed 4288K, reserved 1048576K
}
Event: 14.581 GC heap before
{Heap before GC invocations=21 (full 0):
 garbage-first heap   total reserved 1994752K, committed 356352K, used 343575K [0x0000000086400000, 0x0000000100000000)
  region size 1024K, 75 young (76800K), 2 survivors (2048K)
 Metaspace       used 37697K, committed 38208K, reserved 1114112K
  class space    used 4129K, committed 4352K, reserved 1048576K
}
Event: 14.586 GC heap after
{Heap after GC invocations=22 (full 0):
 garbage-first heap   total reserved 1994752K, committed 356352K, used 224198K [0x0000000086400000, 0x0000000100000000)
  region size 1024K, 7 young (7168K), 7 survivors (7168K)
 Metaspace       used 37697K, committed 38208K, reserved 1114112K
  class space    used 4129K, committed 4352K, reserved 1048576K
}

