# JRE version: OpenJDK Runtime Environment Temurin-23+37 (23.0+37) (build 23+37)
# Java VM: OpenJDK 64-Bit Server VM Temurin-23+37 (23+37, mixed mode, sharing, tiered, compressed oops, compressed class ptrs, g1 gc, linux-amd64)
Heap:
 garbage-first heap   total reserved 1994752K, committed 355328K, used 290674K [0x0000000086400000, 0x0000000100000000)
  region size 1024K, 87 young (89088K), 6 survivors (6144K)
 Metaspace       used 12833K, committed 13056K, reserved 1114112K
  class space    used 1077K, committed 1216K, reserved 1048576K
GC Heap History (20 events):
Event: 3.999 GC heap before
{Heap before GC invocations=1 (full 0):
 garbage-first heap   total reserved 1994752K, committed 126976K, used 56341K [0x0000000086400000, 0x0000000100000000)
  region size 1024K, 25 young (25600K), 3 survivors (3072K)
 Metaspace       used 9596K, committed 9792K, reserved 1114112K
  class space    used 779K, committed 896K, reserved 1048576K
}
Event: 4.005 GC heap after
{Heap after GC invocations=2 (full 0):
 garbage-first heap   total reserved 1994752K, committed 126976K, used 20065K [0x0000000086400000, 0x0000000100000000)
  region size 1024K, 1 young (1024K), 1 survivors (1024K)
 Metaspace       used 9596K, committed 9792K, reserved 1114112K
  class space    used 779K, committed 896K, reserved 1048576K
}
Event: 4.283 GC heap before
{Heap before GC invocations=2 (full 0):
 garbage-first heap   total reserved 1994752K, committed 126976K, used 82529K [0x0000000086400000, 0x0000000100000000)
  region size 1024K, 34 young (34816K), 1 survivors (1024K)
 Metaspace       used 9630K, committed 9856K, reserved 1114112K
  class space    used 780K, committed 896K, reserved 1048576K
}
Event: 4.287 GC heap after
{Heap after GC invocations=3 (full 0):
 garbage-first heap   total reserved 1994752K, committed 126976K, used 12615K [0x0000000086400000, 0x0000000100000000)
  region size 1024K, 1 young (1024K), 1 survivors (1024K)
 Metaspace       used 9630K, committed 9856K, reserved 1114112K
  class space    used 780K, committed 896K, reserved 1048576K
}
Event: 5.143 GC heap before
{Heap before GC invocations=3 (full 0):
 garbage-first heap   total reserved 1994752K, committed 126976K, used 111943K [0x0000000086400000, 0x0000000100000000)
  region size 1024K, 58 young (59392K), 1 survivors (1024K)
 Metaspace       used 11598K, committed 11840K, reserved 1114112K
  class space    used 1009K, committed 1152K, reserved 1048576K
}
Event: 5.151 GC heap after
{Heap after GC invocations=4 (full 0):
 garbage-first heap   total reserved 1994752K, committed 126976K, used 16496K [0x0000000086400000, 0x0000000100000000)
  region size 1024K, 2 young (2048K), 2 survivors (2048K)
 Metaspace       used 11598K, committed 11840K, reserved 1114112K
  class space    used 1009K, committed 1152K, reserved 1048576K
}
Event: 5.689 GC heap before
{Heap before GC invocations=4 (full 0):
 garbage-first heap   total reserved 1994752K, committed 126976K, used 88176K [0x0000000086400000, 0x0000000100000000)
  region size 1024K, 39 young (39936K), 2 survivors (2048K)
 Metaspace       used 11637K, committed 11904K, reserved 1114112K
  class space    used 1009K, committed 1152K, reserved 1048576K
}
Event: 5.694 GC heap after
{Heap after GC invocations=5 (full 0):
 garbage-first heap   total reserved 1994752K, committed 126976K, used 21755K [0x0000000086400000, 0x0000000100000000)
  region size 1024K, 2 young (2048K), 2 survivors (2048K)
 Metaspace       used 11637K, committed 11904K, reserved 1114112K
  class space    used 1009K, committed 1152K, reserved 1048576K
}
Event: 5.903 GC heap before
{Heap before GC invocations=5 (full 0):
 garbage-first heap   total reserved 1994752K, committed 126976K, used 98555K [0x0000000086400000, 0x0000000100000000)
  region size 1024K, 68 young (69632K), 2 survivors (2048K)
 Metaspace       used 11652K, committed 11904K, reserved 1114112K
  class space    used 1009K, committed 1152K, reserved 1048576K
}
Event: 5.919 GC heap after
{Heap after GC invocations=6 (full 0):
 garbage-first heap   total reserved 1994752K, committed 126976K, used 31045K [0x0000000086400000, 0x0000000100000000)
  region size 1024K, 9 young (9216K), 9 survivors (9216K)
 Metaspace       used 11652K, committed 11904K, reserved 1114112K
  class space    used 1009K, committed 1152K, reserved 1048576K
}
Event: 6.005 GC heap before
{Heap before GC invocations=6 (full 0):
 garbage-first heap   total reserved 1994752K, committed 126976K, used 90437K [0x0000000086400000, 0x0000000100000000)
  region size 1024K, 67 young (68608K), 9 survivors (9216K)
 Metaspace       used 11652K, committed 11904K, reserved 1114112K
  class space    used 1009K, committed 1152K, reserved 1048576K
}
Event: 6.023 GC heap after
{Heap after GC invocations=7 (full 0):
 garbage-first heap   total reserved 1994752K, committed 126976K, used 42944K [0x0000000086400000, 0x0000000100000000)
  region size 1024K, 9 young (9216K), 9 survivors (9216K)
 Metaspace       used 11652K, committed 11904K, reserved 1114112K
  class space    used 1009K, committed 1152K, reserved 1048576K
}
Event: 6.093 GC heap before
{Heap before GC invocations=7 (full 0):
 garbage-first heap   total reserved 1994752K, committed 126976K, used 95168K [0x0000000086400000, 0x0000000100000000)
  region size 1024K, 60 young (61440K), 9 survivors (9216K)
 Metaspace       used 11652K, committed 11904K, reserved 1114112K
  class space    used 1009K, committed 1152K, reserved 1048576K
}
Event: 6.105 GC heap after
{Heap after GC invocations=8 (full 0):
 garbage-first heap   total reserved 1994752K, committed 223232K, used 44474K [0x0000000086400000, 0x0000000100000000)
  region size 1024K, 1 young (1024K), 1 survivors (1024K)
 Metaspace       used 11652K, committed 11904K, reserved 1114112K
  class space    used 1009K, committed 1152K, reserved 1048576K
}
Event: 6.149 GC heap before
{Heap before GC invocations=8 (full 0):
 garbage-first heap   total reserved 1994752K, committed 223232K, used 67002K [0x0000000086400000, 0x0000000100000000)
  region size 1024K, 24 young (24576K), 1 survivors (1024K)
 Metaspace       used 11652K, committed 11904K, reserved 1114112K
  class space    used 1009K, committed 1152K, reserved 1048576K
}
Event: 6.153 GC heap after
{Heap after GC invocations=9 (full 0):
 garbage-first heap   total reserved 1994752K, committed 223232K, used 44319K [0x0000000086400000, 0x0000000100000000)
  region size 1024K, 1 young (1024K), 1 survivors (1024K)
 Metaspace       used 11652K, committed 11904K, reserved 1114112K
  class space    used 1009K, committed 1152K, reserved 1048576K
}
Event: 8.255 GC heap before
{Heap before GC invocations=9 (full 0):
 garbage-first heap   total reserved 1994752K, committed 223232K, used 106783K [0x0000000086400000, 0x0000000100000000)
  region size 1024K, 5 young (5120K), 1 survivors (1024K)
 Metaspace       used 11901K, committed 12160K, reserved 1114112K
  class space    used 1030K, committed 1152K, reserved 1048576K
}
Event: 8.260 GC heap after
{Heap after GC invocations=10 (full 0):
 garbage-first heap   total reserved 1994752K, committed 223232K, used 105100K [0x0000000086400000, 0x0000000100000000)
  region size 1024K, 2 young (2048K), 2 survivors (2048K)
 Metaspace       used 11901K, committed 12160K, reserved 1114112K
  class space    used 1030K, committed 1152K, reserved 1048576K
}
Event: 10.090 GC heap before
{Heap before GC invocations=11 (full 0):
 garbage-first heap   total reserved 1994752K, committed 355328K, used 324313K [0x0000000086400000, 0x0000000100000000)
  region size 1024K, 71 young (72704K), 2 survivors (2048K)
 Metaspace       used 12105K, committed 12352K, reserved 1114112K
  class space    used 1046K, committed 1152K, reserved 1048576K
}
Event: 10.096 GC heap after
{Heap after GC invocations=12 (full 0):
 garbage-first heap   total reserved 1994752K, committed 355328K, used 207730K [0x0000000086400000, 0x0000000100000000)
  region size 1024K, 6 young (6144K), 6 survivors (6144K)
 Metaspace       used 12105K, committed 12352K, reserved 1114112K
  class space    used 1046K, committed 1152K, reserved 1048576K
}

