# JRE version: OpenJDK Runtime Environment Temurin-23+37 (23.0+37) (build 23+37)
# Java VM: OpenJDK 64-Bit Server VM Temurin-23+37 (23+37, mixed mode, sharing, tiered, compressed oops, compressed class ptrs, g1 gc, linux-amd64)
Heap:
 garbage-first heap   total reserved 1994752K, committed 378880K, used 235203K [0x0000000086400000, 0x0000000100000000)
  region size 1024K, 19 young (19456K), 9 survivors (9216K)
 Metaspace       used 13083K, committed 13376K, reserved 1114112K
  class space    used 1077K, committed 1216K, reserved 1048576K
GC Heap History (20 events):
Event: 3.061 GC heap before
{Heap before GC invocations=3 (full 0):
 garbage-first heap   total reserved 1994752K, committed 126976K, used 110791K [0x0000000086400000, 0x0000000100000000)
  region size 1024K, 57 young (58368K), 1 survivors (1024K)
 Metaspace       used 11600K, committed 11840K, reserved 1114112K
  class space    used 1009K, committed 1152K, reserved 1048576K
}
Event: 3.074 GC heap after
{Heap after GC invocations=4 (full 0):
 garbage-first heap   total reserved 1994752K, committed 126976K, used 16342K [0x0000000086400000, 0x0000000100000000)
  region size 1024K, 2 young (2048K), 2 survivors (2048K)
 Metaspace       used 11600K, committed 11840K, reserved 1114112K
  class space    used 1009K, committed 1152K, reserved 1048576K
}
Event: 3.597 GC heap before
{Heap before GC invocations=4 (full 0):
 garbage-first heap   total reserved 1994752K, committed 126976K, used 88022K [0x0000000086400000, 0x0000000100000000)
  region size 1024K, 39 young (39936K), 2 survivors (2048K)
 Metaspace       used 11636K, committed 11904K, reserved 1114112K
  class space    used 1009K, committed 1152K, reserved 1048576K
}
Event: 3.601 GC heap after
{Heap after GC invocations=5 (full 0):
 garbage-first heap   total reserved 1994752K, committed 126976K, used 21511K [0x0000000086400000, 0x0000000100000000)
  region size 1024K, 2 young (2048K), 2 survivors (2048K)
 Metaspace       used 11636K, committed 11904K, reserved 1114112K
  class space    used 1009K, committed 1152K, reserved 1048576K
}
Event: 3.834 GC heap before
{Heap before GC invocations=5 (full 0):
 garbage-first heap   total reserved 1994752K, committed 126976K, used 97287K [0x0000000086400000, 0x0000000100000000)
  region size 1024K, 68 young (69632K), 2 survivors (2048K)
 Metaspace       used 11649K, committed 11904K, reserved 1114112K
  class space    used 1009K, committed 1152K, reserved 1048576K
}
Event: 3.850 GC heap after
{Heap after GC invocations=6 (full 0):
 garbage-first heap   total reserved 1994752K, committed 126976K, used 30731K [0x0000000086400000, 0x0000000100000000)
  region size 1024K, 9 young (9216K), 9 survivors (9216K)
 Metaspace       used 11649K, committed 11904K, reserved 1114112K
  class space    used 1009K, committed 1152K, reserved 1048576K
}
Event: 3.932 GC heap before
{Heap before GC invocations=6 (full 0):
 garbage-first heap   total reserved 1994752K, committed 126976K, used 89099K [0x0000000086400000, 0x0000000100000000)
  region size 1024K, 67 young (68608K), 9 survivors (9216K)
 Metaspace       used 11649K, committed 11904K, reserved 1114112K
  class space    used 1009K, committed 1152K, reserved 1048576K
}
Event: 3.953 GC heap after
{Heap after GC invocations=7 (full 0):
 garbage-first heap   total reserved 1994752K, committed 160768K, used 43753K [0x0000000086400000, 0x0000000100000000)
  region size 1024K, 9 young (9216K), 9 survivors (9216K)
 Metaspace       used 11649K, committed 11904K, reserved 1114112K
  class space    used 1009K, committed 1152K, reserved 1048576K
}
Event: 4.096 GC heap before
{Heap before GC invocations=7 (full 0):
 garbage-first heap   total reserved 1994752K, committed 160768K, used 113385K [0x0000000086400000, 0x0000000100000000)
  region size 1024K, 77 young (78848K), 9 survivors (9216K)
 Metaspace       used 11649K, committed 11904K, reserved 1114112K
  class space    used 1009K, committed 1152K, reserved 1048576K
}
Event: 4.109 GC heap after
{Heap after GC invocations=8 (full 0):
 garbage-first heap   total reserved 1994752K, committed 160768K, used 43652K [0x0000000086400000, 0x0000000100000000)
  region size 1024K, 0 young (0K), 0 survivors (0K)
 Metaspace       used 11649K, committed 11904K, reserved 1114112K
  class space    used 1009K, committed 1152K, reserved 1048576K
}
Event: 4.118 GC heap before
{Heap before GC invocations=8 (full 0):
 garbage-first heap   total reserved 1994752K, committed 160768K, used 48772K [0x0000000086400000, 0x0000000100000000)
  region size 1024K, 6 young (6144K), 0 survivors (0K)
 Metaspace       used 11651K, committed 11904K, reserved 1114112K
  class space    used 1009K, committed 1152K, reserved 1048576K
}
Event: 4.122 GC heap after
{Heap after GC invocations=9 (full 0):
 garbage-first heap   total reserved 1994752K, committed 160768K, used 44012K [0x0000000086400000, 0x0000000100000000)
  region size 1024K, 1 young (1024K), 1 survivors (1024K)
 Metaspace       used 11651K, committed 11904K, reserved 1114112K
  class space    used 1009K, committed 1152K, reserved 1048576K
}
Event: 6.624 GC heap before
{Heap before GC invocations=9 (full 0):
 garbage-first heap   total reserved 1994752K, committed 160768K, used 106476K [0x0000000086400000, 0x0000000100000000)
  region size 1024K, 5 young (5120K), 1 survivors (1024K)
 Metaspace       used 11898K, committed 12096K, reserved 1114112K
  class space    used 1030K, committed 1152K, reserved 1048576K
}
Event: 6.629 GC heap after
{Heap after GC invocations=10 (full 0):
 garbage-first heap   total reserved 1994752K, committed 160768K, used 104666K [0x0000000086400000, 0x0000000100000000)
  region size 1024K, 2 young (2048K), 2 survivors (2048K)
 Metaspace       used 11898K, committed 12096K, reserved 1114112K
  class space    used 1030K, committed 1152K, reserved 1048576K
}
Event: 7.019 GC heap before
{Heap before GC invocations=11 (full 0):
 garbage-first heap   total reserved 1994752K, committed 203776K, used 155354K [0x0000000086400000, 0x0000000100000000)
  region size 1024K, 36 young (36864K), 2 survivors (2048K)
 Metaspace       used 11937K, committed 12160K, reserved 1114112K
  class space    used 1031K, committed 1152K, reserved 1048576K
}
Event: 7.028 GC heap after
{Heap after GC invocations=12 (full 0):
 garbage-first heap   total reserved 1994752K, committed 203776K, used 121456K [0x0000000086400000, 0x0000000100000000)
  region size 1024K, 3 young (3072K), 3 survivors (3072K)
 Metaspace       used 11937K, committed 12160K, reserved 1114112K
  class space    used 1031K, committed 1152K, reserved 1048576K
}
Event: 11.671 GC heap before
{Heap before GC invocations=12 (full 0):
 garbage-first heap   total reserved 1994752K, committed 335872K, used 306800K [0x0000000086400000, 0x0000000100000000)
  region size 1024K, 55 young (56320K), 3 survivors (3072K)
 Metaspace       used 12116K, committed 12352K, reserved 1114112K
  class space    used 1047K, committed 1152K, reserved 1048576K
}
Event: 11.678 GC heap after
{Heap after GC invocations=13 (full 0):
 garbage-first heap   total reserved 1994752K, committed 335872K, used 214098K [0x0000000086400000, 0x0000000100000000)
  region size 1024K, 7 young (7168K), 7 survivors (7168K)
 Metaspace       used 12116K, committed 12352K, reserved 1114112K
  class space    used 1047K, committed 1152K, reserved 1048576K
}
Event: 13.679 GC heap before
{Heap before GC invocations=13 (full 0):
 garbage-first heap   total reserved 1994752K, committed 335872K, used 232530K [0x0000000086400000, 0x0000000100000000)
  region size 1024K, 26 young (26624K), 7 survivors (7168K)
 Metaspace       used 12121K, committed 12352K, reserved 1114112K
  class space    used 1047K, committed 1152K, reserved 1048576K
}
Event: 13.686 GC heap after
{Heap after GC invocations=14 (full 0):
 garbage-first heap   total reserved 1994752K, committed 335872K, used 223516K [0x0000000086400000, 0x0000000100000000)
  region size 1024K, 9 young (9216K), 9 survivors (9216K)
 Metaspace       used 12121K, committed 12352K, reserved 1114112K
  class space    used 1047K, committed 1152K, reserved 1048576K
}

