# JRE version: OpenJDK Runtime Environment Temurin-23+37 (23.0+37) (build 23+37)
# Java VM: OpenJDK 64-Bit Server VM Temurin-23+37 (23+37, mixed mode, sharing, tiered, compressed oops, compressed class ptrs, g1 gc, linux-amd64)
Heap:
 garbage-first heap   total reserved 1994752K, committed 336896K, used 242588K [0x0000000086400000, 0x0000000100000000)
  region size 1024K, 16 young (16384K), 12 survivors (12288K)
 Metaspace       used 38721K, committed 39168K, reserved 1114112K
  class space    used 4161K, committed 4352K, reserved 1048576K
GC Heap History (20 events):
Event: 9.272 GC heap before
{Heap before GC invocations=13 (full 0):
 garbage-first heap   total reserved 1994752K, committed 73728K, used 73666K [0x0000000086400000, 0x0000000100000000)
  region size 1024K, 32 young (32768K), 3 survivors (3072K)
 Metaspace       used 37255K, committed 37760K, reserved 1114112K
  class space    used 4089K, committed 4288K, reserved 1048576K
}
Event: 9.279 GC heap after
{Heap after GC invocations=14 (full 0):
 garbage-first heap   total reserved 1994752K, committed 95232K, used 28672K [0x0000000086400000, 0x0000000100000000)
  region size 1024K, 4 young (4096K), 4 survivors (4096K)
 Metaspace       used 37255K, committed 37760K, reserved 1114112K
  class space    used 4089K, committed 4288K, reserved 1048576K
}
Event: 9.763 GC heap before
{Heap before GC invocations=14 (full 0):
 garbage-first heap   total reserved 1994752K, committed 104448K, used 104448K [0x0000000086400000, 0x0000000100000000)
  region size 1024K, 42 young (43008K), 4 survivors (4096K)
 Metaspace       used 37278K, committed 37760K, reserved 1114112K
  class space    used 4089K, committed 4288K, reserved 1048576K
}
Event: 9.773 GC heap after
{Heap after GC invocations=15 (full 0):
 garbage-first heap   total reserved 1994752K, committed 109568K, used 38459K [0x0000000086400000, 0x0000000100000000)
  region size 1024K, 4 young (4096K), 4 survivors (4096K)
 Metaspace       used 37278K, committed 37760K, reserved 1114112K
  class space    used 4089K, committed 4288K, reserved 1048576K
}
Event: 9.941 GC heap before
{Heap before GC invocations=15 (full 0):
 garbage-first heap   total reserved 1994752K, committed 109568K, used 98875K [0x0000000086400000, 0x0000000100000000)
  region size 1024K, 63 young (64512K), 4 survivors (4096K)
 Metaspace       used 37290K, committed 37760K, reserved 1114112K
  class space    used 4089K, committed 4288K, reserved 1048576K
}
Event: 9.957 GC heap after
{Heap after GC invocations=16 (full 0):
 garbage-first heap   total reserved 1994752K, committed 115712K, used 38398K [0x0000000086400000, 0x0000000100000000)
  region size 1024K, 8 young (8192K), 8 survivors (8192K)
 Metaspace       used 37290K, committed 37760K, reserved 1114112K
  class space    used 4089K, committed 4288K, reserved 1048576K
}
Event: 10.048 GC heap before
{Heap before GC invocations=16 (full 0):
 garbage-first heap   total reserved 1994752K, committed 115712K, used 93694K [0x0000000086400000, 0x0000000100000000)
  region size 1024K, 63 young (64512K), 8 survivors (8192K)
 Metaspace       used 37290K, committed 37760K, reserved 1114112K
  class space    used 4089K, committed 4288K, reserved 1048576K
}
Event: 10.068 GC heap after
{Heap after GC invocations=17 (full 0):
 garbage-first heap   total reserved 1994752K, committed 115712K, used 50176K [0x0000000086400000, 0x0000000100000000)
  region size 1024K, 8 young (8192K), 8 survivors (8192K)
 Metaspace       used 37290K, committed 37760K, reserved 1114112K
  class space    used 4089K, committed 4288K, reserved 1048576K
}
Event: 10.123 GC heap before
{Heap before GC invocations=17 (full 0):
 garbage-first heap   total reserved 1994752K, committed 115712K, used 96256K [0x0000000086400000, 0x0000000100000000)
  region size 1024K, 53 young (54272K), 8 survivors (8192K)
 Metaspace       used 37290K, committed 37760K, reserved 1114112K
  class space    used 4089K, committed 4288K, reserved 1048576K
}
Event: 10.136 GC heap after
{Heap after GC invocations=18 (full 0):
 garbage-first heap   total reserved 1994752K, committed 216064K, used 52115K [0x0000000086400000, 0x0000000100000000)
  region size 1024K, 1 young (1024K), 1 survivors (1024K)
 Metaspace       used 37290K, committed 37760K, reserved 1114112K
  class space    used 4089K, committed 4288K, reserved 1048576K
}
Event: 10.207 GC heap before
{Heap before GC invocations=18 (full 0):
 garbage-first heap   total reserved 1994752K, committed 216064K, used 85907K [0x0000000086400000, 0x0000000100000000)
  region size 1024K, 35 young (35840K), 1 survivors (1024K)
 Metaspace       used 37290K, committed 37760K, reserved 1114112K
  class space    used 4089K, committed 4288K, reserved 1048576K
}
Event: 10.213 GC heap after
{Heap after GC invocations=19 (full 0):
 garbage-first heap   total reserved 1994752K, committed 216064K, used 51437K [0x0000000086400000, 0x0000000100000000)
  region size 1024K, 1 young (1024K), 1 survivors (1024K)
 Metaspace       used 37290K, committed 37760K, reserved 1114112K
  class space    used 4089K, committed 4288K, reserved 1048576K
}
Event: 12.358 GC heap before
{Heap before GC invocations=19 (full 0):
 garbage-first heap   total reserved 1994752K, committed 216064K, used 113901K [0x0000000086400000, 0x0000000100000000)
  region size 1024K, 5 young (5120K), 1 survivors (1024K)
 Metaspace       used 37503K, committed 37952K, reserved 1114112K
  class space    used 4110K, committed 4288K, reserved 1048576K
}
Event: 12.363 GC heap after
{Heap after GC invocations=20 (full 0):
 garbage-first heap   total reserved 1994752K, committed 216064K, used 112109K [0x0000000086400000, 0x0000000100000000)
  region size 1024K, 2 young (2048K), 2 survivors (2048K)
 Metaspace       used 37503K, committed 37952K, reserved 1114112K
  class space    used 4110K, committed 4288K, reserved 1048576K
}
Event: 12.624 GC heap before
{Heap before GC invocations=21 (full 0):
 garbage-first heap   total reserved 1994752K, committed 225280K, used 156242K [0x0000000086400000, 0x0000000100000000)
  region size 1024K, 23 young (23552K), 2 survivors (2048K)
 Metaspace       used 37564K, committed 38016K, reserved 1114112K
  class space    used 4113K, committed 4288K, reserved 1048576K
}
Event: 12.627 GC heap after
{Heap after GC invocations=22 (full 0):
 garbage-first heap   total reserved 1994752K, committed 225280K, used 135031K [0x0000000086400000, 0x0000000100000000)
  region size 1024K, 2 young (2048K), 2 survivors (2048K)
 Metaspace       used 37564K, committed 38016K, reserved 1114112K
  class space    used 4113K, committed 4288K, reserved 1048576K
}
Event: 12.983 GC heap before
{Heap before GC invocations=22 (full 0):
 garbage-first heap   total reserved 1994752K, committed 225280K, used 168823K [0x0000000086400000, 0x0000000100000000)
  region size 1024K, 36 young (36864K), 2 survivors (2048K)
 Metaspace       used 37730K, committed 38208K, reserved 1114112K
  class space    used 4127K, committed 4352K, reserved 1048576K
}
Event: 12.987 GC heap after
{Heap after GC invocations=23 (full 0):
 garbage-first heap   total reserved 1994752K, committed 225280K, used 84780K [0x0000000086400000, 0x0000000100000000)
  region size 1024K, 3 young (3072K), 3 survivors (3072K)
 Metaspace       used 37730K, committed 38208K, reserved 1114112K
  class space    used 4127K, committed 4352K, reserved 1048576K
}
Event: 21.151 GC heap before
{Heap before GC invocations=23 (full 0):
 garbage-first heap   total reserved 1994752K, committed 313344K, used 312108K [0x0000000086400000, 0x0000000100000000)
  region size 1024K, 94 young (96256K), 3 survivors (3072K)
 Metaspace       used 38018K, committed 38464K, reserved 1114112K
  class space    used 4155K, committed 4352K, reserved 1048576K
}
Event: 21.209 GC heap after
{Heap after GC invocations=24 (full 0):
 garbage-first heap   total reserved 1994752K, committed 336896K, used 238721K [0x0000000086400000, 0x0000000100000000)
  region size 1024K, 12 young (12288K), 12 survivors (12288K)
 Metaspace       used 38018K, committed 38464K, reserved 1114112K
  class space    used 4155K, committed 4352K, reserved 1048576K
}

