# JRE version: OpenJDK Runtime Environment Temurin-23+37 (23.0+37) (build 23+37)
# Java VM: OpenJDK 64-Bit Server VM Temurin-23+37 (23+37, mixed mode, sharing, tiered, compressed oops, compressed class ptrs, g1 gc, linux-amd64)
Heap:
 garbage-first heap   total reserved 1994752K, committed 366592K, used 273238K [0x0000000086400000, 0x0000000100000000)
  region size 1024K, 55 young (56320K), 10 survivors (10240K)
 Metaspace       used 38746K, committed 39232K, reserved 1114112K
  class space    used 4168K, committed 4352K, reserved 1048576K
GC Heap History (20 events):
Event: 12.171 GC heap before
{Heap before GC invocations=11 (full 0):
 garbage-first heap   total reserved 1994752K, committed 96256K, used 95331K [0x0000000086400000, 0x0000000100000000)
  region size 1024K, 38 young (38912K), 3 survivors (3072K)
 Metaspace       used 36032K, committed 36544K, reserved 1114112K
  class space    used 3965K, committed 4224K, reserved 1048576K
}
Event: 12.176 GC heap after
{Heap after GC invocations=12 (full 0):
 garbage-first heap   total reserved 1994752K, committed 99328K, used 23153K [0x0000000086400000, 0x0000000100000000)
  region size 1024K, 3 young (3072K), 3 survivors (3072K)
 Metaspace       used 36032K, committed 36544K, reserved 1114112K
  class space    used 3965K, committed 4224K, reserved 1048576K
}
Event: 12.653 GC heap before
{Heap before GC invocations=12 (full 0):
 garbage-first heap   total reserved 1994752K, committed 99328K, used 77425K [0x0000000086400000, 0x0000000100000000)
  region size 1024K, 36 young (36864K), 3 survivors (3072K)
 Metaspace       used 37215K, committed 37632K, reserved 1114112K
  class space    used 4097K, committed 4288K, reserved 1048576K
}
Event: 12.658 GC heap after
{Heap after GC invocations=13 (full 0):
 garbage-first heap   total reserved 1994752K, committed 99328K, used 23867K [0x0000000086400000, 0x0000000100000000)
  region size 1024K, 4 young (4096K), 4 survivors (4096K)
 Metaspace       used 37215K, committed 37632K, reserved 1114112K
  class space    used 4097K, committed 4288K, reserved 1048576K
}
Event: 12.985 GC heap before
{Heap before GC invocations=13 (full 0):
 garbage-first heap   total reserved 1994752K, committed 99328K, used 68923K [0x0000000086400000, 0x0000000100000000)
  region size 1024K, 29 young (29696K), 4 survivors (4096K)
 Metaspace       used 37235K, committed 37696K, reserved 1114112K
  class space    used 4097K, committed 4288K, reserved 1048576K
}
Event: 12.990 GC heap after
{Heap after GC invocations=14 (full 0):
 garbage-first heap   total reserved 1994752K, committed 99328K, used 29701K [0x0000000086400000, 0x0000000100000000)
  region size 1024K, 4 young (4096K), 4 survivors (4096K)
 Metaspace       used 37235K, committed 37696K, reserved 1114112K
  class space    used 4097K, committed 4288K, reserved 1048576K
}
Event: 13.149 GC heap before
{Heap before GC invocations=14 (full 0):
 garbage-first heap   total reserved 1994752K, committed 99328K, used 52229K [0x0000000086400000, 0x0000000100000000)
  region size 1024K, 15 young (15360K), 4 survivors (4096K)
 Metaspace       used 37236K, committed 37696K, reserved 1114112K
  class space    used 4097K, committed 4288K, reserved 1048576K
}
Event: 13.155 GC heap after
{Heap after GC invocations=15 (full 0):
 garbage-first heap   total reserved 1994752K, committed 119808K, used 29923K [0x0000000086400000, 0x0000000100000000)
  region size 1024K, 4 young (4096K), 4 survivors (4096K)
 Metaspace       used 37236K, committed 37696K, reserved 1114112K
  class space    used 4097K, committed 4288K, reserved 1048576K
}
Event: 13.390 GC heap before
{Heap before GC invocations=15 (full 0):
 garbage-first heap   total reserved 1994752K, committed 119808K, used 106723K [0x0000000086400000, 0x0000000100000000)
  region size 1024K, 70 young (71680K), 4 survivors (4096K)
 Metaspace       used 37249K, committed 37696K, reserved 1114112K
  class space    used 4097K, committed 4288K, reserved 1048576K
}
Event: 13.410 GC heap after
{Heap after GC invocations=16 (full 0):
 garbage-first heap   total reserved 1994752K, committed 123904K, used 39170K [0x0000000086400000, 0x0000000100000000)
  region size 1024K, 9 young (9216K), 9 survivors (9216K)
 Metaspace       used 37249K, committed 37696K, reserved 1114112K
  class space    used 4097K, committed 4288K, reserved 1048576K
}
Event: 13.485 GC heap before
{Heap before GC invocations=16 (full 0):
 garbage-first heap   total reserved 1994752K, committed 123904K, used 101634K [0x0000000086400000, 0x0000000100000000)
  region size 1024K, 71 young (72704K), 9 survivors (9216K)
 Metaspace       used 37249K, committed 37696K, reserved 1114112K
  class space    used 4097K, committed 4288K, reserved 1048576K
}
Event: 13.504 GC heap after
{Heap after GC invocations=17 (full 0):
 garbage-first heap   total reserved 1994752K, committed 123904K, used 51075K [0x0000000086400000, 0x0000000100000000)
  region size 1024K, 9 young (9216K), 9 survivors (9216K)
 Metaspace       used 37249K, committed 37696K, reserved 1114112K
  class space    used 4097K, committed 4288K, reserved 1048576K
}
Event: 13.586 GC heap before
{Heap before GC invocations=17 (full 0):
 garbage-first heap   total reserved 1994752K, committed 123904K, used 104323K [0x0000000086400000, 0x0000000100000000)
  region size 1024K, 61 young (62464K), 9 survivors (9216K)
 Metaspace       used 37249K, committed 37696K, reserved 1114112K
  class space    used 4097K, committed 4288K, reserved 1048576K
}
Event: 13.597 GC heap after
{Heap after GC invocations=18 (full 0):
 garbage-first heap   total reserved 1994752K, committed 123904K, used 52618K [0x0000000086400000, 0x0000000100000000)
  region size 1024K, 1 young (1024K), 1 survivors (1024K)
 Metaspace       used 37249K, committed 37696K, reserved 1114112K
  class space    used 4097K, committed 4288K, reserved 1048576K
}
Event: 13.619 GC heap before
{Heap before GC invocations=18 (full 0):
 garbage-first heap   total reserved 1994752K, committed 123904K, used 70026K [0x0000000086400000, 0x0000000100000000)
  region size 1024K, 19 young (19456K), 1 survivors (1024K)
 Metaspace       used 37249K, committed 37696K, reserved 1114112K
  class space    used 4097K, committed 4288K, reserved 1048576K
}
Event: 13.623 GC heap after
{Heap after GC invocations=19 (full 0):
 garbage-first heap   total reserved 1994752K, committed 247808K, used 52520K [0x0000000086400000, 0x0000000100000000)
  region size 1024K, 1 young (1024K), 1 survivors (1024K)
 Metaspace       used 37249K, committed 37696K, reserved 1114112K
  class space    used 4097K, committed 4288K, reserved 1048576K
}
Event: 16.108 GC heap before
{Heap before GC invocations=19 (full 0):
 garbage-first heap   total reserved 1994752K, committed 247808K, used 114984K [0x0000000086400000, 0x0000000100000000)
  region size 1024K, 5 young (5120K), 1 survivors (1024K)
 Metaspace       used 37472K, committed 37952K, reserved 1114112K
  class space    used 4118K, committed 4352K, reserved 1048576K
}
Event: 16.119 GC heap after
{Heap after GC invocations=20 (full 0):
 garbage-first heap   total reserved 1994752K, committed 247808K, used 113349K [0x0000000086400000, 0x0000000100000000)
  region size 1024K, 2 young (2048K), 2 survivors (2048K)
 Metaspace       used 37472K, committed 37952K, reserved 1114112K
  class space    used 4118K, committed 4352K, reserved 1048576K
}
Event: 19.428 GC heap before
{Heap before GC invocations=21 (full 0):
 garbage-first heap   total reserved 1994752K, committed 366592K, used 345797K [0x0000000086400000, 0x0000000100000000)
  region size 1024K, 79 young (80896K), 2 survivors (2048K)
 Metaspace       used 37702K, committed 38144K, reserved 1114112K
  class space    used 4135K, committed 4352K, reserved 1048576K
}
Event: 19.434 GC heap after
{Heap after GC invocations=22 (full 0):
 garbage-first heap   total reserved 1994752K, committed 366592K, used 225280K [0x0000000086400000, 0x0000000100000000)
  region size 1024K, 10 young (10240K), 10 survivors (10240K)
 Metaspace       used 37702K, committed 38144K, reserved 1114112K
  class space    used 4135K, committed 4352K, reserved 1048576K
}

