# JRE version: OpenJDK Runtime Environment Temurin-23+37 (23.0+37) (build 23+37)
# Java VM: OpenJDK 64-Bit Server VM Temurin-23+37 (23+37, mixed mode, sharing, tiered, compressed oops, compressed class ptrs, g1 gc, linux-amd64)
Heap:
 garbage-first heap   total reserved 1994752K, committed 398336K, used 282496K [0x0000000086400000, 0x0000000100000000)
  region size 1024K, 35 young (35840K), 11 survivors (11264K)
 Metaspace       used 46297K, committed 46720K, reserved 1114112K
  class space    used 5091K, committed 5248K, reserved 1048576K
GC Heap History (20 events):
Event: 15.560 GC heap before
{Heap before GC invocations=14 (full 0):
 garbage-first heap   total reserved 1994752K, committed 106496K, used 55561K [0x0000000086400000, 0x0000000100000000)
  region size 1024K, 8 young (8192K), 1 survivors (1024K)
 Metaspace       used 43563K, committed 44032K, reserved 1114112K
  class space    used 4886K, committed 5056K, reserved 1048576K
}
Event: 15.563 GC heap after
{Heap after GC invocations=15 (full 0):
 garbage-first heap   total reserved 1994752K, committed 178176K, used 42265K [0x0000000086400000, 0x0000000100000000)
  region size 1024K, 1 young (1024K), 1 survivors (1024K)
 Metaspace       used 43563K, committed 44032K, reserved 1114112K
  class space    used 4886K, committed 5056K, reserved 1048576K
}
Event: 15.855 GC heap before
{Heap before GC invocations=15 (full 0):
 garbage-first heap   total reserved 1994752K, committed 178176K, used 117017K [0x0000000086400000, 0x0000000100000000)
  region size 1024K, 38 young (38912K), 1 survivors (1024K)
 Metaspace       used 43578K, committed 44032K, reserved 1114112K
  class space    used 4886K, committed 5056K, reserved 1048576K
}
Event: 15.858 GC heap after
{Heap after GC invocations=16 (full 0):
 garbage-first heap   total reserved 1994752K, committed 178176K, used 42362K [0x0000000086400000, 0x0000000100000000)
  region size 1024K, 1 young (1024K), 1 survivors (1024K)
 Metaspace       used 43578K, committed 44032K, reserved 1114112K
  class space    used 4886K, committed 5056K, reserved 1048576K
}
Event: 16.553 GC heap before
{Heap before GC invocations=16 (full 0):
 garbage-first heap   total reserved 1994752K, committed 178176K, used 133498K [0x0000000086400000, 0x0000000100000000)
  region size 1024K, 58 young (59392K), 1 survivors (1024K)
 Metaspace       used 44793K, committed 45184K, reserved 1114112K
  class space    used 5017K, committed 5184K, reserved 1048576K
}
Event: 16.561 GC heap after
{Heap after GC invocations=17 (full 0):
 garbage-first heap   total reserved 1994752K, committed 178176K, used 44679K [0x0000000086400000, 0x0000000100000000)
  region size 1024K, 1 young (1024K), 1 survivors (1024K)
 Metaspace       used 44793K, committed 45184K, reserved 1114112K
  class space    used 5017K, committed 5184K, reserved 1048576K
}
Event: 17.100 GC heap before
{Heap before GC invocations=17 (full 0):
 garbage-first heap   total reserved 1994752K, committed 178176K, used 177799K [0x0000000086400000, 0x0000000100000000)
  region size 1024K, 102 young (104448K), 1 survivors (1024K)
 Metaspace       used 44814K, committed 45248K, reserved 1114112K
  class space    used 5017K, committed 5184K, reserved 1048576K
}
Event: 17.142 GC heap after
{Heap after GC invocations=18 (full 0):
 garbage-first heap   total reserved 1994752K, committed 199680K, used 68487K [0x0000000086400000, 0x0000000100000000)
  region size 1024K, 13 young (13312K), 13 survivors (13312K)
 Metaspace       used 44814K, committed 45248K, reserved 1114112K
  class space    used 5017K, committed 5184K, reserved 1048576K
}
Event: 17.272 GC heap before
{Heap before GC invocations=18 (full 0):
 garbage-first heap   total reserved 1994752K, committed 199680K, used 150407K [0x0000000086400000, 0x0000000100000000)
  region size 1024K, 93 young (95232K), 13 survivors (13312K)
 Metaspace       used 44814K, committed 45248K, reserved 1114112K
  class space    used 5017K, committed 5184K, reserved 1048576K
}
Event: 17.285 GC heap after
{Heap after GC invocations=19 (full 0):
 garbage-first heap   total reserved 1994752K, committed 199680K, used 70144K [0x0000000086400000, 0x0000000100000000)
  region size 1024K, 1 young (1024K), 1 survivors (1024K)
 Metaspace       used 44814K, committed 45248K, reserved 1114112K
  class space    used 5017K, committed 5184K, reserved 1048576K
}
Event: 17.321 GC heap before
{Heap before GC invocations=19 (full 0):
 garbage-first heap   total reserved 1994752K, committed 199680K, used 96768K [0x0000000086400000, 0x0000000100000000)
  region size 1024K, 28 young (28672K), 1 survivors (1024K)
 Metaspace       used 44814K, committed 45248K, reserved 1114112K
  class space    used 5017K, committed 5184K, reserved 1048576K
}
Event: 17.325 GC heap after
{Heap after GC invocations=20 (full 0):
 garbage-first heap   total reserved 1994752K, committed 199680K, used 69451K [0x0000000086400000, 0x0000000100000000)
  region size 1024K, 1 young (1024K), 1 survivors (1024K)
 Metaspace       used 44814K, committed 45248K, reserved 1114112K
  class space    used 5017K, committed 5184K, reserved 1048576K
}
Event: 19.536 GC heap before
{Heap before GC invocations=20 (full 0):
 garbage-first heap   total reserved 1994752K, committed 199680K, used 130891K [0x0000000086400000, 0x0000000100000000)
  region size 1024K, 4 young (4096K), 1 survivors (1024K)
 Metaspace       used 45026K, committed 45440K, reserved 1114112K
  class space    used 5038K, committed 5248K, reserved 1048576K
}
Event: 19.541 GC heap after
{Heap after GC invocations=21 (full 0):
 garbage-first heap   total reserved 1994752K, committed 365568K, used 130130K [0x0000000086400000, 0x0000000100000000)
  region size 1024K, 2 young (2048K), 2 survivors (2048K)
 Metaspace       used 45026K, committed 45440K, reserved 1114112K
  class space    used 5038K, committed 5248K, reserved 1048576K
}
Event: 20.126 GC heap before
{Heap before GC invocations=21 (full 0):
 garbage-first heap   total reserved 1994752K, committed 365568K, used 236626K [0x0000000086400000, 0x0000000100000000)
  region size 1024K, 58 young (59392K), 2 survivors (2048K)
 Metaspace       used 45259K, committed 45760K, reserved 1114112K
  class space    used 5056K, committed 5248K, reserved 1048576K
}
Event: 20.133 GC heap after
{Heap after GC invocations=22 (full 0):
 garbage-first heap   total reserved 1994752K, committed 365568K, used 131651K [0x0000000086400000, 0x0000000100000000)
  region size 1024K, 4 young (4096K), 4 survivors (4096K)
 Metaspace       used 45259K, committed 45760K, reserved 1114112K
  class space    used 5056K, committed 5248K, reserved 1048576K
}
Event: 20.272 GC heap before
{Heap before GC invocations=22 (full 0):
 garbage-first heap   total reserved 1994752K, committed 365568K, used 250435K [0x0000000086400000, 0x0000000100000000)
  region size 1024K, 5 young (5120K), 4 survivors (4096K)
 Metaspace       used 45260K, committed 45760K, reserved 1114112K
  class space    used 5056K, committed 5248K, reserved 1048576K
}
Event: 20.277 GC heap after
{Heap after GC invocations=23 (full 0):
 garbage-first heap   total reserved 1994752K, committed 365568K, used 250367K [0x0000000086400000, 0x0000000100000000)
  region size 1024K, 3 young (3072K), 3 survivors (3072K)
 Metaspace       used 45260K, committed 45760K, reserved 1114112K
  class space    used 5056K, committed 5248K, reserved 1048576K
}
Event: 24.506 GC heap before
{Heap before GC invocations=24 (full 0):
 garbage-first heap   total reserved 1994752K, committed 398336K, used 318463K [0x0000000086400000, 0x0000000100000000)
  region size 1024K, 81 young (82944K), 3 survivors (3072K)
 Metaspace       used 45259K, committed 45760K, reserved 1114112K
  class space    used 5055K, committed 5248K, reserved 1048576K
}
Event: 24.517 GC heap after
{Heap after GC invocations=25 (full 0):
 garbage-first heap   total reserved 1994752K, committed 398336K, used 256216K [0x0000000086400000, 0x0000000100000000)
  region size 1024K, 11 young (11264K), 11 survivors (11264K)
 Metaspace       used 45259K, committed 45760K, reserved 1114112K
  class space    used 5055K, committed 5248K, reserved 1048576K
}

