# JRE version: OpenJDK Runtime Environment Temurin-23+37 (23.0+37) (build 23+37)
# Java VM: OpenJDK 64-Bit Server VM Temurin-23+37 (23+37, mixed mode, sharing, tiered, compressed oops, compressed class ptrs, g1 gc, linux-amd64)
Heap:
 garbage-first heap   total reserved 1994752K, committed 403456K, used 234025K [0x0000000086400000, 0x0000000100000000)
  region size 1024K, 11 young (11264K), 3 survivors (3072K)
 Metaspace       used 13126K, committed 13376K, reserved 1114112K
  class space    used 1077K, committed 1216K, reserved 1048576K
GC Heap History (20 events):
Event: 5.801 GC heap before
{Heap before GC invocations=7 (full 0):
 garbage-first heap   total reserved 1994752K, committed 126976K, used 94508K [0x0000000086400000, 0x0000000100000000)
  region size 1024K, 59 young (60416K), 9 survivors (9216K)
 Metaspace       used 11650K, committed 11968K, reserved 1114112K
  class space    used 1009K, committed 1152K, reserved 1048576K
}
Event: 5.811 GC heap after
{Heap after GC invocations=8 (full 0):
 garbage-first heap   total reserved 1994752K, committed 232448K, used 45000K [0x0000000086400000, 0x0000000100000000)
  region size 1024K, 1 young (1024K), 1 survivors (1024K)
 Metaspace       used 11650K, committed 11968K, reserved 1114112K
  class space    used 1009K, committed 1152K, reserved 1048576K
}
Event: 5.859 GC heap before
{Heap before GC invocations=8 (full 0):
 garbage-first heap   total reserved 1994752K, committed 232448K, used 69576K [0x0000000086400000, 0x0000000100000000)
  region size 1024K, 26 young (26624K), 1 survivors (1024K)
 Metaspace       used 11650K, committed 11968K, reserved 1114112K
  class space    used 1009K, committed 1152K, reserved 1048576K
}
Event: 5.865 GC heap after
{Heap after GC invocations=9 (full 0):
 garbage-first heap   total reserved 1994752K, committed 232448K, used 45000K [0x0000000086400000, 0x0000000100000000)
  region size 1024K, 1 young (1024K), 1 survivors (1024K)
 Metaspace       used 11650K, committed 11968K, reserved 1114112K
  class space    used 1009K, committed 1152K, reserved 1048576K
}
Event: 8.363 GC heap before
{Heap before GC invocations=9 (full 0):
 garbage-first heap   total reserved 1994752K, committed 232448K, used 107464K [0x0000000086400000, 0x0000000100000000)
  region size 1024K, 5 young (5120K), 1 survivors (1024K)
 Metaspace       used 11894K, committed 12160K, reserved 1114112K
  class space    used 1030K, committed 1152K, reserved 1048576K
}
Event: 8.366 GC heap after
{Heap after GC invocations=10 (full 0):
 garbage-first heap   total reserved 1994752K, committed 232448K, used 105644K [0x0000000086400000, 0x0000000100000000)
  region size 1024K, 2 young (2048K), 2 survivors (2048K)
 Metaspace       used 11894K, committed 12160K, reserved 1114112K
  class space    used 1030K, committed 1152K, reserved 1048576K
}
Event: 8.491 GC heap before
{Heap before GC invocations=11 (full 0):
 garbage-first heap   total reserved 1994752K, committed 232448K, used 131819K [0x0000000086400000, 0x0000000100000000)
  region size 1024K, 13 young (13312K), 2 survivors (2048K)
 Metaspace       used 11926K, committed 12160K, reserved 1114112K
  class space    used 1031K, committed 1152K, reserved 1048576K
}
Event: 8.494 GC heap after
{Heap after GC invocations=12 (full 0):
 garbage-first heap   total reserved 1994752K, committed 232448K, used 120805K [0x0000000086400000, 0x0000000100000000)
  region size 1024K, 1 young (1024K), 1 survivors (1024K)
 Metaspace       used 11926K, committed 12160K, reserved 1114112K
  class space    used 1031K, committed 1152K, reserved 1048576K
}
Event: 8.727 GC heap before
{Heap before GC invocations=12 (full 0):
 garbage-first heap   total reserved 1994752K, committed 232448K, used 141285K [0x0000000086400000, 0x0000000100000000)
  region size 1024K, 22 young (22528K), 1 survivors (1024K)
 Metaspace       used 11926K, committed 12160K, reserved 1114112K
  class space    used 1031K, committed 1152K, reserved 1048576K
}
Event: 8.730 GC heap after
{Heap after GC invocations=13 (full 0):
 garbage-first heap   total reserved 1994752K, committed 232448K, used 120111K [0x0000000086400000, 0x0000000100000000)
  region size 1024K, 1 young (1024K), 1 survivors (1024K)
 Metaspace       used 11926K, committed 12160K, reserved 1114112K
  class space    used 1031K, committed 1152K, reserved 1048576K
}
Event: 9.031 GC heap before
{Heap before GC invocations=13 (full 0):
 garbage-first heap   total reserved 1994752K, committed 232448K, used 142639K [0x0000000086400000, 0x0000000100000000)
  region size 1024K, 25 young (25600K), 1 survivors (1024K)
 Metaspace       used 12110K, committed 12352K, reserved 1114112K
  class space    used 1046K, committed 1152K, reserved 1048576K
}
Event: 9.035 GC heap after
{Heap after GC invocations=14 (full 0):
 garbage-first heap   total reserved 1994752K, committed 232448K, used 120848K [0x0000000086400000, 0x0000000100000000)
  region size 1024K, 2 young (2048K), 2 survivors (2048K)
 Metaspace       used 12110K, committed 12352K, reserved 1114112K
  class space    used 1046K, committed 1152K, reserved 1048576K
}
Event: 11.325 GC heap before
{Heap before GC invocations=15 (full 0):
 garbage-first heap   total reserved 1994752K, committed 403456K, used 284688K [0x0000000086400000, 0x0000000100000000)
  region size 1024K, 33 young (33792K), 2 survivors (2048K)
 Metaspace       used 12112K, committed 12352K, reserved 1114112K
  class space    used 1046K, committed 1152K, reserved 1048576K
}
Event: 11.341 GC heap after
{Heap after GC invocations=16 (full 0):
 garbage-first heap   total reserved 1994752K, committed 403456K, used 260050K [0x0000000086400000, 0x0000000100000000)
  region size 1024K, 5 young (5120K), 5 survivors (5120K)
 Metaspace       used 12112K, committed 12352K, reserved 1114112K
  class space    used 1046K, committed 1152K, reserved 1048576K
}
Event: 12.264 GC heap before
{Heap before GC invocations=16 (full 0):
 garbage-first heap   total reserved 1994752K, committed 403456K, used 276434K [0x0000000086400000, 0x0000000100000000)
  region size 1024K, 21 young (21504K), 5 survivors (5120K)
 Metaspace       used 12112K, committed 12352K, reserved 1114112K
  class space    used 1046K, committed 1152K, reserved 1048576K
}
Event: 12.271 GC heap after
{Heap after GC invocations=17 (full 0):
 garbage-first heap   total reserved 1994752K, committed 403456K, used 263917K [0x0000000086400000, 0x0000000100000000)
  region size 1024K, 3 young (3072K), 3 survivors (3072K)
 Metaspace       used 12112K, committed 12352K, reserved 1114112K
  class space    used 1046K, committed 1152K, reserved 1048576K
}
Event: 13.337 GC heap before
{Heap before GC invocations=17 (full 0):
 garbage-first heap   total reserved 1994752K, committed 403456K, used 286445K [0x0000000086400000, 0x0000000100000000)
  region size 1024K, 25 young (25600K), 3 survivors (3072K)
 Metaspace       used 12112K, committed 12352K, reserved 1114112K
  class space    used 1046K, committed 1152K, reserved 1048576K
}
Event: 13.342 GC heap after
{Heap after GC invocations=18 (full 0):
 garbage-first heap   total reserved 1994752K, committed 403456K, used 269107K [0x0000000086400000, 0x0000000100000000)
  region size 1024K, 4 young (4096K), 4 survivors (4096K)
 Metaspace       used 12112K, committed 12352K, reserved 1114112K
  class space    used 1046K, committed 1152K, reserved 1048576K
}
Event: 14.396 GC heap before
{Heap before GC invocations=19 (full 0):
 garbage-first heap   total reserved 1994752K, committed 403456K, used 241459K [0x0000000086400000, 0x0000000100000000)
  region size 1024K, 24 young (24576K), 4 survivors (4096K)
 Metaspace       used 12389K, committed 12608K, reserved 1114112K
  class space    used 1073K, committed 1216K, reserved 1048576K
}
Event: 14.401 GC heap after
{Heap after GC invocations=20 (full 0):
 garbage-first heap   total reserved 1994752K, committed 403456K, used 226304K [0x0000000086400000, 0x0000000100000000)
  region size 1024K, 3 young (3072K), 3 survivors (3072K)
 Metaspace       used 12389K, committed 12608K, reserved 1114112K
  class space    used 1073K, committed 1216K, reserved 1048576K
}

